[02-Apr-2022 17:30:13 America/Mexico_City] -- Initialized error configuration
[02-Apr-2022 17:30:13 America/Mexico_City] Main:: created
[02-Apr-2022 17:30:13 America/Mexico_City] -- Initialized error configuration
[02-Apr-2022 17:30:13 America/Mexico_City] Acceso a Controlador no definido = src
[02-Apr-2022 17:31:17 America/Mexico_City] -- Initialized error configuration
[02-Apr-2022 17:31:17 America/Mexico_City] Main:: created
[02-Apr-2022 17:31:17 America/Mexico_City] -- Initialized error configuration
[02-Apr-2022 17:31:17 America/Mexico_City] Acceso a Controlador no definido = src
[02-Apr-2022 17:34:01 America/Mexico_City] -- Initialized error configuration
[02-Apr-2022 17:34:01 America/Mexico_City] Main:: created
[02-Apr-2022 17:34:01 America/Mexico_City] -- Initialized error configuration
[02-Apr-2022 17:34:01 America/Mexico_City] Acceso a Controlador no definido = src
[02-Apr-2022 17:34:02 America/Mexico_City] -- Initialized error configuration
[02-Apr-2022 17:34:02 America/Mexico_City] Acceso a Controlador no definido = login.php
[02-Apr-2022 17:34:11 America/Mexico_City] -- Initialized error configuration
[02-Apr-2022 17:34:11 America/Mexico_City] Acceso a Controlador no definido = login.php
[02-Apr-2022 17:34:22 America/Mexico_City] -- Initialized error configuration
[02-Apr-2022 17:34:22 America/Mexico_City] Main:: created
[02-Apr-2022 17:34:22 America/Mexico_City] -- Initialized error configuration
[02-Apr-2022 17:34:22 America/Mexico_City] Acceso a Controlador no definido = src
[02-Apr-2022 17:34:39 America/Mexico_City] -- Initialized error configuration
[02-Apr-2022 17:34:39 America/Mexico_City] Main:: created
[02-Apr-2022 17:34:40 America/Mexico_City] -- Initialized error configuration
[02-Apr-2022 17:34:40 America/Mexico_City] Acceso a Controlador no definido = src
[02-Apr-2022 17:34:41 America/Mexico_City] -- Initialized error configuration
[02-Apr-2022 17:34:42 America/Mexico_City] Login:: created
[02-Apr-2022 17:34:47 America/Mexico_City] -- Initialized error configuration
[02-Apr-2022 17:34:47 America/Mexico_City] Login:: created
[02-Apr-2022 17:34:52 America/Mexico_City] -- Initialized error configuration
[02-Apr-2022 17:34:52 America/Mexico_City] Login:: created
[02-Apr-2022 17:35:21 America/Mexico_City] -- Initialized error configuration
[02-Apr-2022 17:35:21 America/Mexico_City] Login:: created
[02-Apr-2022 17:35:37 America/Mexico_City] -- Initialized error configuration
[02-Apr-2022 17:35:37 America/Mexico_City] Login:: created
[02-Apr-2022 17:39:13 America/Mexico_City] -- Initialized error configuration
[02-Apr-2022 17:39:13 America/Mexico_City] Main:: created
[02-Apr-2022 17:39:13 America/Mexico_City] -- Initialized error configuration
[02-Apr-2022 17:39:13 America/Mexico_City] Acceso a Controlador no definido = src
[02-Apr-2022 17:39:13 America/Mexico_City] -- Initialized error configuration
[02-Apr-2022 17:39:13 America/Mexico_City] Main:: created
[02-Apr-2022 17:39:13 America/Mexico_City] -- Initialized error configuration
[02-Apr-2022 17:39:13 America/Mexico_City] Acceso a Controlador no definido = src
[02-Apr-2022 17:39:14 America/Mexico_City] -- Initialized error configuration
[02-Apr-2022 17:39:14 America/Mexico_City] Main:: created
[02-Apr-2022 17:39:14 America/Mexico_City] -- Initialized error configuration
[02-Apr-2022 17:39:14 America/Mexico_City] Acceso a Controlador no definido = src
[02-Apr-2022 17:39:14 America/Mexico_City] -- Initialized error configuration
[02-Apr-2022 17:39:14 America/Mexico_City] Main:: created
[02-Apr-2022 17:39:14 America/Mexico_City] -- Initialized error configuration
[02-Apr-2022 17:39:14 America/Mexico_City] Acceso a Controlador no definido = src
[02-Apr-2022 17:39:14 America/Mexico_City] -- Initialized error configuration
[02-Apr-2022 17:39:14 America/Mexico_City] Main:: created
[02-Apr-2022 17:39:14 America/Mexico_City] -- Initialized error configuration
[02-Apr-2022 17:39:14 America/Mexico_City] Acceso a Controlador no definido = src
[02-Apr-2022 17:39:18 America/Mexico_City] -- Initialized error configuration
[02-Apr-2022 17:39:18 America/Mexico_City] Main:: created
[02-Apr-2022 17:39:18 America/Mexico_City] -- Initialized error configuration
[02-Apr-2022 17:39:18 America/Mexico_City] Acceso a Controlador no definido = src
[02-Apr-2022 17:39:19 America/Mexico_City] -- Initialized error configuration
[02-Apr-2022 17:39:19 America/Mexico_City] Main:: created
[02-Apr-2022 17:39:19 America/Mexico_City] -- Initialized error configuration
[02-Apr-2022 17:39:19 America/Mexico_City] Acceso a Controlador no definido = src
[02-Apr-2022 17:39:19 America/Mexico_City] -- Initialized error configuration
[02-Apr-2022 17:39:19 America/Mexico_City] Main:: created
[02-Apr-2022 17:39:19 America/Mexico_City] -- Initialized error configuration
[02-Apr-2022 17:39:19 America/Mexico_City] Acceso a Controlador no definido = src
[02-Apr-2022 17:39:19 America/Mexico_City] -- Initialized error configuration
[02-Apr-2022 17:39:19 America/Mexico_City] Main:: created
[02-Apr-2022 17:39:19 America/Mexico_City] -- Initialized error configuration
[02-Apr-2022 17:39:19 America/Mexico_City] Acceso a Controlador no definido = src
[02-Apr-2022 17:39:23 America/Mexico_City] -- Initialized error configuration
[02-Apr-2022 17:39:23 America/Mexico_City] Main:: created
[02-Apr-2022 17:39:23 America/Mexico_City] -- Initialized error configuration
[02-Apr-2022 17:39:23 America/Mexico_City] Acceso a Controlador no definido = src
[02-Apr-2022 17:39:43 America/Mexico_City] -- Initialized error configuration
[02-Apr-2022 17:39:43 America/Mexico_City] Main:: created
[02-Apr-2022 17:39:43 America/Mexico_City] -- Initialized error configuration
[02-Apr-2022 17:39:43 America/Mexico_City] Acceso a Controlador no definido = src
[02-Apr-2022 17:39:44 America/Mexico_City] -- Initialized error configuration
[02-Apr-2022 17:39:44 America/Mexico_City] Main:: created
[02-Apr-2022 17:39:44 America/Mexico_City] -- Initialized error configuration
[02-Apr-2022 17:39:44 America/Mexico_City] Acceso a Controlador no definido = src
[02-Apr-2022 17:39:44 America/Mexico_City] -- Initialized error configuration
[02-Apr-2022 17:39:44 America/Mexico_City] Main:: created
[02-Apr-2022 17:39:44 America/Mexico_City] -- Initialized error configuration
[02-Apr-2022 17:39:44 America/Mexico_City] Acceso a Controlador no definido = src
[02-Apr-2022 17:39:44 America/Mexico_City] -- Initialized error configuration
[02-Apr-2022 17:39:44 America/Mexico_City] Main:: created
[02-Apr-2022 17:39:44 America/Mexico_City] -- Initialized error configuration
[02-Apr-2022 17:39:44 America/Mexico_City] Acceso a Controlador no definido = src
[02-Apr-2022 17:39:44 America/Mexico_City] -- Initialized error configuration
[02-Apr-2022 17:39:44 America/Mexico_City] Main:: created
[02-Apr-2022 17:39:44 America/Mexico_City] -- Initialized error configuration
[02-Apr-2022 17:39:44 America/Mexico_City] Acceso a Controlador no definido = src
[02-Apr-2022 17:40:13 America/Mexico_City] -- Initialized error configuration
[02-Apr-2022 17:40:13 America/Mexico_City] Main:: created
[02-Apr-2022 17:40:13 America/Mexico_City] -- Initialized error configuration
[02-Apr-2022 17:40:13 America/Mexico_City] Acceso a Controlador no definido = src
[02-Apr-2022 17:40:13 America/Mexico_City] -- Initialized error configuration
[02-Apr-2022 17:40:13 America/Mexico_City] Main:: created
[02-Apr-2022 17:40:13 America/Mexico_City] -- Initialized error configuration
[02-Apr-2022 17:40:13 America/Mexico_City] Acceso a Controlador no definido = src
[02-Apr-2022 17:40:13 America/Mexico_City] -- Initialized error configuration
[02-Apr-2022 17:40:13 America/Mexico_City] Main:: created
[02-Apr-2022 17:40:13 America/Mexico_City] -- Initialized error configuration
[02-Apr-2022 17:40:13 America/Mexico_City] Acceso a Controlador no definido = src
[02-Apr-2022 17:40:13 America/Mexico_City] -- Initialized error configuration
[02-Apr-2022 17:40:13 America/Mexico_City] Main:: created
[02-Apr-2022 17:40:13 America/Mexico_City] -- Initialized error configuration
[02-Apr-2022 17:40:13 America/Mexico_City] Acceso a Controlador no definido = src
[02-Apr-2022 17:40:14 America/Mexico_City] -- Initialized error configuration
[02-Apr-2022 17:40:14 America/Mexico_City] Main:: created
[02-Apr-2022 17:40:14 America/Mexico_City] -- Initialized error configuration
[02-Apr-2022 17:40:14 America/Mexico_City] Acceso a Controlador no definido = src
[02-Apr-2022 17:40:14 America/Mexico_City] -- Initialized error configuration
[02-Apr-2022 17:40:14 America/Mexico_City] Main:: created
[02-Apr-2022 17:40:14 America/Mexico_City] -- Initialized error configuration
[02-Apr-2022 17:40:14 America/Mexico_City] Acceso a Controlador no definido = src
[02-Apr-2022 17:40:14 America/Mexico_City] -- Initialized error configuration
[02-Apr-2022 17:40:14 America/Mexico_City] Main:: created
[02-Apr-2022 17:40:14 America/Mexico_City] -- Initialized error configuration
[02-Apr-2022 17:40:14 America/Mexico_City] Acceso a Controlador no definido = src
[02-Apr-2022 17:40:14 America/Mexico_City] -- Initialized error configuration
[02-Apr-2022 17:40:14 America/Mexico_City] Main:: created
[02-Apr-2022 17:40:14 America/Mexico_City] -- Initialized error configuration
[02-Apr-2022 17:40:14 America/Mexico_City] Acceso a Controlador no definido = src
[02-Apr-2022 17:40:14 America/Mexico_City] -- Initialized error configuration
[02-Apr-2022 17:40:14 America/Mexico_City] Main:: created
[02-Apr-2022 17:40:14 America/Mexico_City] -- Initialized error configuration
[02-Apr-2022 17:40:14 America/Mexico_City] Acceso a Controlador no definido = src
[02-Apr-2022 17:40:14 America/Mexico_City] -- Initialized error configuration
[02-Apr-2022 17:40:14 America/Mexico_City] Main:: created
[02-Apr-2022 17:40:14 America/Mexico_City] -- Initialized error configuration
[02-Apr-2022 17:40:14 America/Mexico_City] Acceso a Controlador no definido = src
[02-Apr-2022 17:41:00 America/Mexico_City] -- Initialized error configuration
[02-Apr-2022 17:41:00 America/Mexico_City] Main:: created
[02-Apr-2022 17:41:00 America/Mexico_City] -- Initialized error configuration
[02-Apr-2022 17:41:00 America/Mexico_City] Acceso a Controlador no definido = src
[02-Apr-2022 17:41:01 America/Mexico_City] -- Initialized error configuration
[02-Apr-2022 17:41:01 America/Mexico_City] Main:: created
[02-Apr-2022 17:41:01 America/Mexico_City] -- Initialized error configuration
[02-Apr-2022 17:41:01 America/Mexico_City] Acceso a Controlador no definido = src
[02-Apr-2022 17:41:01 America/Mexico_City] -- Initialized error configuration
[02-Apr-2022 17:41:01 America/Mexico_City] Main:: created
[02-Apr-2022 17:41:01 America/Mexico_City] -- Initialized error configuration
[02-Apr-2022 17:41:01 America/Mexico_City] Acceso a Controlador no definido = src
[02-Apr-2022 17:41:01 America/Mexico_City] -- Initialized error configuration
[02-Apr-2022 17:41:01 America/Mexico_City] Main:: created
[02-Apr-2022 17:41:01 America/Mexico_City] -- Initialized error configuration
[02-Apr-2022 17:41:01 America/Mexico_City] Acceso a Controlador no definido = src
[02-Apr-2022 17:41:01 America/Mexico_City] -- Initialized error configuration
[02-Apr-2022 17:41:01 America/Mexico_City] Main:: created
[02-Apr-2022 17:41:01 America/Mexico_City] -- Initialized error configuration
[02-Apr-2022 17:41:01 America/Mexico_City] Acceso a Controlador no definido = src
[02-Apr-2022 17:41:10 America/Mexico_City] -- Initialized error configuration
[02-Apr-2022 17:41:10 America/Mexico_City] Main:: created
[02-Apr-2022 17:41:11 America/Mexico_City] -- Initialized error configuration
[02-Apr-2022 17:41:11 America/Mexico_City] Acceso a Controlador no definido = src
[02-Apr-2022 17:41:20 America/Mexico_City] -- Initialized error configuration
[02-Apr-2022 17:41:20 America/Mexico_City] Main:: created
[02-Apr-2022 17:41:20 America/Mexico_City] -- Initialized error configuration
[02-Apr-2022 17:41:20 America/Mexico_City] Acceso a Controlador no definido = src
[02-Apr-2022 17:42:08 America/Mexico_City] -- Initialized error configuration
[02-Apr-2022 17:42:08 America/Mexico_City] Login:: created
[02-Apr-2022 17:42:21 America/Mexico_City] -- Initialized error configuration
[02-Apr-2022 17:42:21 America/Mexico_City] Main:: created
[02-Apr-2022 17:42:21 America/Mexico_City] -- Initialized error configuration
[02-Apr-2022 17:42:21 America/Mexico_City] Acceso a Controlador no definido = src
[02-Apr-2022 17:42:43 America/Mexico_City] -- Initialized error configuration
[02-Apr-2022 17:42:43 America/Mexico_City] Main:: created
[02-Apr-2022 17:42:43 America/Mexico_City] -- Initialized error configuration
[02-Apr-2022 17:42:43 America/Mexico_City] Acceso a Controlador no definido = src
[02-Apr-2022 17:42:43 America/Mexico_City] -- Initialized error configuration
[02-Apr-2022 17:42:43 America/Mexico_City] Acceso a Controlador no definido = src
[02-Apr-2022 17:42:56 America/Mexico_City] -- Initialized error configuration
[02-Apr-2022 17:42:56 America/Mexico_City] Main:: created
[02-Apr-2022 17:42:56 America/Mexico_City] -- Initialized error configuration
[02-Apr-2022 17:42:56 America/Mexico_City] Acceso a Controlador no definido = src
[02-Apr-2022 17:42:56 America/Mexico_City] -- Initialized error configuration
[02-Apr-2022 17:42:56 America/Mexico_City] Acceso a Controlador no definido = src
[02-Apr-2022 17:42:57 America/Mexico_City] -- Initialized error configuration
[02-Apr-2022 17:42:57 America/Mexico_City] Main:: created
[02-Apr-2022 17:42:57 America/Mexico_City] -- Initialized error configuration
[02-Apr-2022 17:42:57 America/Mexico_City] Acceso a Controlador no definido = src
[02-Apr-2022 17:42:57 America/Mexico_City] -- Initialized error configuration
[02-Apr-2022 17:42:57 America/Mexico_City] Acceso a Controlador no definido = src
[02-Apr-2022 17:42:57 America/Mexico_City] -- Initialized error configuration
[02-Apr-2022 17:42:57 America/Mexico_City] Main:: created
[02-Apr-2022 17:42:57 America/Mexico_City] -- Initialized error configuration
[02-Apr-2022 17:42:57 America/Mexico_City] Acceso a Controlador no definido = src
[02-Apr-2022 17:42:57 America/Mexico_City] -- Initialized error configuration
[02-Apr-2022 17:42:57 America/Mexico_City] Acceso a Controlador no definido = src
[02-Apr-2022 17:42:57 America/Mexico_City] -- Initialized error configuration
[02-Apr-2022 17:42:57 America/Mexico_City] Main:: created
[02-Apr-2022 17:42:57 America/Mexico_City] -- Initialized error configuration
[02-Apr-2022 17:42:57 America/Mexico_City] Acceso a Controlador no definido = src
[02-Apr-2022 17:42:57 America/Mexico_City] -- Initialized error configuration
[02-Apr-2022 17:42:57 America/Mexico_City] Acceso a Controlador no definido = src
[02-Apr-2022 17:42:57 America/Mexico_City] -- Initialized error configuration
[02-Apr-2022 17:42:57 America/Mexico_City] Main:: created
[02-Apr-2022 17:42:57 America/Mexico_City] -- Initialized error configuration
[02-Apr-2022 17:42:57 America/Mexico_City] Acceso a Controlador no definido = src
[02-Apr-2022 17:42:57 America/Mexico_City] -- Initialized error configuration
[02-Apr-2022 17:42:57 America/Mexico_City] Acceso a Controlador no definido = src
[02-Apr-2022 17:42:57 America/Mexico_City] -- Initialized error configuration
[02-Apr-2022 17:42:57 America/Mexico_City] Main:: created
[02-Apr-2022 17:42:57 America/Mexico_City] -- Initialized error configuration
[02-Apr-2022 17:42:57 America/Mexico_City] Acceso a Controlador no definido = src
[02-Apr-2022 17:42:57 America/Mexico_City] -- Initialized error configuration
[02-Apr-2022 17:42:57 America/Mexico_City] Acceso a Controlador no definido = src
[02-Apr-2022 17:42:57 America/Mexico_City] -- Initialized error configuration
[02-Apr-2022 17:42:57 America/Mexico_City] Main:: created
[02-Apr-2022 17:42:57 America/Mexico_City] -- Initialized error configuration
[02-Apr-2022 17:42:57 America/Mexico_City] Acceso a Controlador no definido = src
[02-Apr-2022 17:42:57 America/Mexico_City] -- Initialized error configuration
[02-Apr-2022 17:42:57 America/Mexico_City] Acceso a Controlador no definido = src
[02-Apr-2022 17:43:12 America/Mexico_City] -- Initialized error configuration
[02-Apr-2022 17:43:12 America/Mexico_City] Main:: created
[02-Apr-2022 17:43:12 America/Mexico_City] -- Initialized error configuration
[02-Apr-2022 17:43:12 America/Mexico_City] Acceso a Controlador no definido = src
[02-Apr-2022 17:43:12 America/Mexico_City] -- Initialized error configuration
[02-Apr-2022 17:43:12 America/Mexico_City] Main:: created
[02-Apr-2022 17:43:12 America/Mexico_City] -- Initialized error configuration
[02-Apr-2022 17:43:12 America/Mexico_City] Acceso a Controlador no definido = src
[02-Apr-2022 17:43:12 America/Mexico_City] -- Initialized error configuration
[02-Apr-2022 17:43:12 America/Mexico_City] Main:: created
[02-Apr-2022 17:43:12 America/Mexico_City] -- Initialized error configuration
[02-Apr-2022 17:43:12 America/Mexico_City] Acceso a Controlador no definido = src
[02-Apr-2022 17:43:12 America/Mexico_City] -- Initialized error configuration
[02-Apr-2022 17:43:12 America/Mexico_City] Main:: created
[02-Apr-2022 17:43:12 America/Mexico_City] -- Initialized error configuration
[02-Apr-2022 17:43:12 America/Mexico_City] Acceso a Controlador no definido = src
[02-Apr-2022 17:43:16 America/Mexico_City] -- Initialized error configuration
[02-Apr-2022 17:43:16 America/Mexico_City] Main:: created
[02-Apr-2022 17:43:16 America/Mexico_City] -- Initialized error configuration
[02-Apr-2022 17:43:16 America/Mexico_City] Acceso a Controlador no definido = src
[02-Apr-2022 17:43:16 America/Mexico_City] -- Initialized error configuration
[02-Apr-2022 17:43:16 America/Mexico_City] Acceso a Controlador no definido = src
[02-Apr-2022 17:43:16 America/Mexico_City] -- Initialized error configuration
[02-Apr-2022 17:43:16 America/Mexico_City] Main:: created
[02-Apr-2022 17:43:16 America/Mexico_City] -- Initialized error configuration
[02-Apr-2022 17:43:16 America/Mexico_City] Acceso a Controlador no definido = src
[02-Apr-2022 17:43:16 America/Mexico_City] -- Initialized error configuration
[02-Apr-2022 17:43:16 America/Mexico_City] Acceso a Controlador no definido = src
[02-Apr-2022 17:43:16 America/Mexico_City] -- Initialized error configuration
[02-Apr-2022 17:43:16 America/Mexico_City] Main:: created
[02-Apr-2022 17:43:16 America/Mexico_City] -- Initialized error configuration
[02-Apr-2022 17:43:16 America/Mexico_City] Acceso a Controlador no definido = src
[02-Apr-2022 17:43:16 America/Mexico_City] -- Initialized error configuration
[02-Apr-2022 17:43:16 America/Mexico_City] Acceso a Controlador no definido = src
[02-Apr-2022 17:43:17 America/Mexico_City] -- Initialized error configuration
[02-Apr-2022 17:43:17 America/Mexico_City] Main:: created
[02-Apr-2022 17:43:17 America/Mexico_City] -- Initialized error configuration
[02-Apr-2022 17:43:17 America/Mexico_City] Acceso a Controlador no definido = src
[02-Apr-2022 17:43:17 America/Mexico_City] -- Initialized error configuration
[02-Apr-2022 17:43:17 America/Mexico_City] Acceso a Controlador no definido = src
[02-Apr-2022 17:43:17 America/Mexico_City] -- Initialized error configuration
[02-Apr-2022 17:43:17 America/Mexico_City] Main:: created
[02-Apr-2022 17:43:17 America/Mexico_City] -- Initialized error configuration
[02-Apr-2022 17:43:17 America/Mexico_City] Acceso a Controlador no definido = src
[02-Apr-2022 17:43:17 America/Mexico_City] -- Initialized error configuration
[02-Apr-2022 17:43:17 America/Mexico_City] Acceso a Controlador no definido = src
[02-Apr-2022 17:43:17 America/Mexico_City] -- Initialized error configuration
[02-Apr-2022 17:43:17 America/Mexico_City] Main:: created
[02-Apr-2022 17:43:17 America/Mexico_City] -- Initialized error configuration
[02-Apr-2022 17:43:17 America/Mexico_City] Acceso a Controlador no definido = src
[02-Apr-2022 17:43:17 America/Mexico_City] -- Initialized error configuration
[02-Apr-2022 17:43:17 America/Mexico_City] Acceso a Controlador no definido = src
[02-Apr-2022 17:43:17 America/Mexico_City] -- Initialized error configuration
[02-Apr-2022 17:43:17 America/Mexico_City] Main:: created
[02-Apr-2022 17:43:17 America/Mexico_City] -- Initialized error configuration
[02-Apr-2022 17:43:17 America/Mexico_City] Acceso a Controlador no definido = src
[02-Apr-2022 17:43:17 America/Mexico_City] -- Initialized error configuration
[02-Apr-2022 17:43:17 America/Mexico_City] Acceso a Controlador no definido = src
[02-Apr-2022 17:43:18 America/Mexico_City] -- Initialized error configuration
[02-Apr-2022 17:43:18 America/Mexico_City] Main:: created
[02-Apr-2022 17:43:18 America/Mexico_City] -- Initialized error configuration
[02-Apr-2022 17:43:18 America/Mexico_City] Acceso a Controlador no definido = src
[02-Apr-2022 17:43:18 America/Mexico_City] -- Initialized error configuration
[02-Apr-2022 17:43:18 America/Mexico_City] Acceso a Controlador no definido = src
[02-Apr-2022 17:43:18 America/Mexico_City] -- Initialized error configuration
[02-Apr-2022 17:43:18 America/Mexico_City] Main:: created
[02-Apr-2022 17:43:18 America/Mexico_City] -- Initialized error configuration
[02-Apr-2022 17:43:18 America/Mexico_City] Acceso a Controlador no definido = src
[02-Apr-2022 17:43:18 America/Mexico_City] -- Initialized error configuration
[02-Apr-2022 17:43:18 America/Mexico_City] Acceso a Controlador no definido = src
[02-Apr-2022 17:43:18 America/Mexico_City] -- Initialized error configuration
[02-Apr-2022 17:43:18 America/Mexico_City] Main:: created
[02-Apr-2022 17:43:18 America/Mexico_City] -- Initialized error configuration
[02-Apr-2022 17:43:18 America/Mexico_City] Acceso a Controlador no definido = src
[02-Apr-2022 17:43:18 America/Mexico_City] -- Initialized error configuration
[02-Apr-2022 17:43:18 America/Mexico_City] Acceso a Controlador no definido = src
[02-Apr-2022 17:43:18 America/Mexico_City] -- Initialized error configuration
[02-Apr-2022 17:43:18 America/Mexico_City] Main:: created
[02-Apr-2022 17:43:18 America/Mexico_City] -- Initialized error configuration
[02-Apr-2022 17:43:18 America/Mexico_City] Acceso a Controlador no definido = src
[02-Apr-2022 17:43:18 America/Mexico_City] -- Initialized error configuration
[02-Apr-2022 17:43:18 America/Mexico_City] Acceso a Controlador no definido = src
[02-Apr-2022 17:43:19 America/Mexico_City] -- Initialized error configuration
[02-Apr-2022 17:43:19 America/Mexico_City] Main:: created
[02-Apr-2022 17:43:19 America/Mexico_City] -- Initialized error configuration
[02-Apr-2022 17:43:19 America/Mexico_City] Acceso a Controlador no definido = src
[02-Apr-2022 17:43:19 America/Mexico_City] -- Initialized error configuration
[02-Apr-2022 17:43:19 America/Mexico_City] Acceso a Controlador no definido = src
[02-Apr-2022 17:43:19 America/Mexico_City] -- Initialized error configuration
[02-Apr-2022 17:43:19 America/Mexico_City] Main:: created
[02-Apr-2022 17:43:19 America/Mexico_City] -- Initialized error configuration
[02-Apr-2022 17:43:19 America/Mexico_City] Acceso a Controlador no definido = src
[02-Apr-2022 17:43:19 America/Mexico_City] -- Initialized error configuration
[02-Apr-2022 17:43:19 America/Mexico_City] Acceso a Controlador no definido = src
[02-Apr-2022 17:48:25 America/Mexico_City] -- Initialized error configuration
[02-Apr-2022 17:48:25 America/Mexico_City] Main:: created
[02-Apr-2022 17:48:25 America/Mexico_City] -- Initialized error configuration
[02-Apr-2022 17:48:25 America/Mexico_City] Acceso a Controlador no definido = src
[02-Apr-2022 17:48:25 America/Mexico_City] -- Initialized error configuration
[02-Apr-2022 17:48:25 America/Mexico_City] Main:: created
[02-Apr-2022 17:48:25 America/Mexico_City] -- Initialized error configuration
[02-Apr-2022 17:48:25 America/Mexico_City] Acceso a Controlador no definido = src
[02-Apr-2022 17:48:26 America/Mexico_City] -- Initialized error configuration
[02-Apr-2022 17:48:26 America/Mexico_City] Main:: created
[02-Apr-2022 17:48:26 America/Mexico_City] -- Initialized error configuration
[02-Apr-2022 17:48:26 America/Mexico_City] Acceso a Controlador no definido = src
[02-Apr-2022 17:48:26 America/Mexico_City] -- Initialized error configuration
[02-Apr-2022 17:48:26 America/Mexico_City] Main:: created
[02-Apr-2022 17:48:26 America/Mexico_City] -- Initialized error configuration
[02-Apr-2022 17:48:26 America/Mexico_City] Acceso a Controlador no definido = src
[02-Apr-2022 17:48:26 America/Mexico_City] -- Initialized error configuration
[02-Apr-2022 17:48:26 America/Mexico_City] Main:: created
[02-Apr-2022 17:48:26 America/Mexico_City] -- Initialized error configuration
[02-Apr-2022 17:48:26 America/Mexico_City] Acceso a Controlador no definido = src
[02-Apr-2022 17:48:26 America/Mexico_City] -- Initialized error configuration
[02-Apr-2022 17:48:26 America/Mexico_City] Main:: created
[02-Apr-2022 17:48:26 America/Mexico_City] -- Initialized error configuration
[02-Apr-2022 17:48:26 America/Mexico_City] Acceso a Controlador no definido = src
[02-Apr-2022 17:48:26 America/Mexico_City] -- Initialized error configuration
[02-Apr-2022 17:48:26 America/Mexico_City] Main:: created
[02-Apr-2022 17:48:26 America/Mexico_City] -- Initialized error configuration
[02-Apr-2022 17:48:26 America/Mexico_City] Acceso a Controlador no definido = src
[02-Apr-2022 17:48:26 America/Mexico_City] -- Initialized error configuration
[02-Apr-2022 17:48:26 America/Mexico_City] Main:: created
[02-Apr-2022 17:48:26 America/Mexico_City] -- Initialized error configuration
[02-Apr-2022 17:48:26 America/Mexico_City] Acceso a Controlador no definido = src
[02-Apr-2022 17:48:26 America/Mexico_City] -- Initialized error configuration
[02-Apr-2022 17:48:26 America/Mexico_City] Main:: created
[02-Apr-2022 17:48:26 America/Mexico_City] -- Initialized error configuration
[02-Apr-2022 17:48:26 America/Mexico_City] Acceso a Controlador no definido = src
[02-Apr-2022 17:49:13 America/Mexico_City] -- Initialized error configuration
[02-Apr-2022 17:49:13 America/Mexico_City] Main:: created
[02-Apr-2022 17:49:13 America/Mexico_City] -- Initialized error configuration
[02-Apr-2022 17:49:13 America/Mexico_City] Acceso a Controlador no definido = src
[02-Apr-2022 17:49:14 America/Mexico_City] -- Initialized error configuration
[02-Apr-2022 17:49:14 America/Mexico_City] Main:: created
[02-Apr-2022 17:49:14 America/Mexico_City] -- Initialized error configuration
[02-Apr-2022 17:49:14 America/Mexico_City] Acceso a Controlador no definido = src
[02-Apr-2022 17:49:14 America/Mexico_City] -- Initialized error configuration
[02-Apr-2022 17:49:14 America/Mexico_City] Main:: created
[02-Apr-2022 17:49:15 America/Mexico_City] -- Initialized error configuration
[02-Apr-2022 17:49:15 America/Mexico_City] Acceso a Controlador no definido = src
[02-Apr-2022 17:49:15 America/Mexico_City] -- Initialized error configuration
[02-Apr-2022 17:49:15 America/Mexico_City] Main:: created
[02-Apr-2022 17:49:15 America/Mexico_City] -- Initialized error configuration
[02-Apr-2022 17:49:15 America/Mexico_City] Acceso a Controlador no definido = src
[02-Apr-2022 17:49:15 America/Mexico_City] -- Initialized error configuration
[02-Apr-2022 17:49:15 America/Mexico_City] Main:: created
[02-Apr-2022 17:49:15 America/Mexico_City] -- Initialized error configuration
[02-Apr-2022 17:49:15 America/Mexico_City] Acceso a Controlador no definido = src
[02-Apr-2022 17:49:20 America/Mexico_City] -- Initialized error configuration
[02-Apr-2022 17:49:20 America/Mexico_City] Main:: created
[02-Apr-2022 17:49:20 America/Mexico_City] -- Initialized error configuration
[02-Apr-2022 17:49:20 America/Mexico_City] Acceso a Controlador no definido = src
[02-Apr-2022 17:49:20 America/Mexico_City] -- Initialized error configuration
[02-Apr-2022 17:49:20 America/Mexico_City] Main:: created
[02-Apr-2022 17:49:20 America/Mexico_City] -- Initialized error configuration
[02-Apr-2022 17:49:20 America/Mexico_City] Acceso a Controlador no definido = src
[02-Apr-2022 17:49:20 America/Mexico_City] -- Initialized error configuration
[02-Apr-2022 17:49:20 America/Mexico_City] Main:: created
[02-Apr-2022 17:49:21 America/Mexico_City] -- Initialized error configuration
[02-Apr-2022 17:49:21 America/Mexico_City] Acceso a Controlador no definido = src
[02-Apr-2022 17:49:21 America/Mexico_City] -- Initialized error configuration
[02-Apr-2022 17:49:21 America/Mexico_City] Main:: created
[02-Apr-2022 17:49:21 America/Mexico_City] -- Initialized error configuration
[02-Apr-2022 17:49:21 America/Mexico_City] Acceso a Controlador no definido = src
[02-Apr-2022 17:49:21 America/Mexico_City] -- Initialized error configuration
[02-Apr-2022 17:49:21 America/Mexico_City] Main:: created
[02-Apr-2022 17:49:21 America/Mexico_City] -- Initialized error configuration
[02-Apr-2022 17:49:21 America/Mexico_City] Acceso a Controlador no definido = src
[02-Apr-2022 17:49:21 America/Mexico_City] -- Initialized error configuration
[02-Apr-2022 17:49:21 America/Mexico_City] Main:: created
[02-Apr-2022 17:49:21 America/Mexico_City] -- Initialized error configuration
[02-Apr-2022 17:49:21 America/Mexico_City] Acceso a Controlador no definido = src
[02-Apr-2022 17:49:24 America/Mexico_City] -- Initialized error configuration
[02-Apr-2022 17:49:24 America/Mexico_City] Main:: created
[02-Apr-2022 17:49:24 America/Mexico_City] -- Initialized error configuration
[02-Apr-2022 17:49:24 America/Mexico_City] Acceso a Controlador no definido = src
[02-Apr-2022 17:49:24 America/Mexico_City] -- Initialized error configuration
[02-Apr-2022 17:49:24 America/Mexico_City] Main:: created
[02-Apr-2022 17:49:24 America/Mexico_City] -- Initialized error configuration
[02-Apr-2022 17:49:24 America/Mexico_City] Acceso a Controlador no definido = src
[02-Apr-2022 17:49:25 America/Mexico_City] -- Initialized error configuration
[02-Apr-2022 17:49:25 America/Mexico_City] Main:: created
[02-Apr-2022 17:49:25 America/Mexico_City] -- Initialized error configuration
[02-Apr-2022 17:49:25 America/Mexico_City] Acceso a Controlador no definido = src
[02-Apr-2022 17:49:25 America/Mexico_City] -- Initialized error configuration
[02-Apr-2022 17:49:25 America/Mexico_City] Main:: created
[02-Apr-2022 17:49:25 America/Mexico_City] -- Initialized error configuration
[02-Apr-2022 17:49:25 America/Mexico_City] Acceso a Controlador no definido = src
[02-Apr-2022 17:49:25 America/Mexico_City] -- Initialized error configuration
[02-Apr-2022 17:49:25 America/Mexico_City] Main:: created
[02-Apr-2022 17:49:25 America/Mexico_City] -- Initialized error configuration
[02-Apr-2022 17:49:25 America/Mexico_City] Acceso a Controlador no definido = src
[02-Apr-2022 17:50:53 America/Mexico_City] -- Initialized error configuration
[02-Apr-2022 17:50:53 America/Mexico_City] Main:: created
[02-Apr-2022 17:50:53 America/Mexico_City] -- Initialized error configuration
[02-Apr-2022 17:50:53 America/Mexico_City] Acceso a Controlador no definido = src
[02-Apr-2022 17:50:54 America/Mexico_City] -- Initialized error configuration
[02-Apr-2022 17:50:54 America/Mexico_City] Main:: created
[02-Apr-2022 17:50:54 America/Mexico_City] -- Initialized error configuration
[02-Apr-2022 17:50:54 America/Mexico_City] Acceso a Controlador no definido = src
[02-Apr-2022 17:50:54 America/Mexico_City] -- Initialized error configuration
[02-Apr-2022 17:50:54 America/Mexico_City] Main:: created
[02-Apr-2022 17:50:54 America/Mexico_City] -- Initialized error configuration
[02-Apr-2022 17:50:54 America/Mexico_City] Acceso a Controlador no definido = src
[02-Apr-2022 17:50:54 America/Mexico_City] -- Initialized error configuration
[02-Apr-2022 17:50:54 America/Mexico_City] Main:: created
[02-Apr-2022 17:50:54 America/Mexico_City] -- Initialized error configuration
[02-Apr-2022 17:50:54 America/Mexico_City] Acceso a Controlador no definido = src
[05-Apr-2022 14:25:17 America/Mexico_City] -- Initialized error configuration
[05-Apr-2022 14:25:17 America/Mexico_City] Main:: created
[05-Apr-2022 14:25:17 America/Mexico_City] -- Initialized error configuration
[05-Apr-2022 14:25:17 America/Mexico_City] Acceso a Controlador no definido = src
[05-Apr-2022 14:27:18 America/Mexico_City] -- Initialized error configuration
[05-Apr-2022 14:27:18 America/Mexico_City] Main:: created
[05-Apr-2022 14:27:18 America/Mexico_City] -- Initialized error configuration
[05-Apr-2022 14:27:18 America/Mexico_City] Acceso a Controlador no definido = src
[05-Apr-2022 14:27:32 America/Mexico_City] -- Initialized error configuration
[05-Apr-2022 14:27:32 America/Mexico_City] Main:: created
[05-Apr-2022 14:27:32 America/Mexico_City] -- Initialized error configuration
[05-Apr-2022 14:27:32 America/Mexico_City] Acceso a Controlador no definido = src
[05-Apr-2022 14:31:38 America/Mexico_City] -- Initialized error configuration
[05-Apr-2022 14:31:38 America/Mexico_City] Main:: created
[05-Apr-2022 14:31:38 America/Mexico_City] -- Initialized error configuration
[05-Apr-2022 14:31:38 America/Mexico_City] Acceso a Controlador no definido = src
[05-Apr-2022 14:31:39 America/Mexico_City] -- Initialized error configuration
[05-Apr-2022 14:31:39 America/Mexico_City] Login:: created
[05-Apr-2022 14:31:39 America/Mexico_City] -- Initialized error configuration
[05-Apr-2022 14:31:39 America/Mexico_City] Acceso a Controlador no definido = src
[05-Apr-2022 14:31:59 America/Mexico_City] -- Initialized error configuration
[05-Apr-2022 14:31:59 America/Mexico_City] Login:: created
[05-Apr-2022 14:31:59 America/Mexico_City] -- Initialized error configuration
[05-Apr-2022 14:31:59 America/Mexico_City] Acceso a Controlador no definido = src
[05-Apr-2022 14:32:13 America/Mexico_City] -- Initialized error configuration
[05-Apr-2022 14:32:13 America/Mexico_City] Login:: created
[05-Apr-2022 14:32:13 America/Mexico_City] -- Initialized error configuration
[05-Apr-2022 14:32:13 America/Mexico_City] Acceso a Controlador no definido = src
[05-Apr-2022 14:32:19 America/Mexico_City] -- Initialized error configuration
[05-Apr-2022 14:32:19 America/Mexico_City] Login:: created
[05-Apr-2022 14:32:19 America/Mexico_City] -- Initialized error configuration
[05-Apr-2022 14:32:19 America/Mexico_City] Acceso a Controlador no definido = src
[05-Apr-2022 14:32:20 America/Mexico_City] -- Initialized error configuration
[05-Apr-2022 14:32:20 America/Mexico_City] Login:: created
[05-Apr-2022 14:32:20 America/Mexico_City] -- Initialized error configuration
[05-Apr-2022 14:32:20 America/Mexico_City] Acceso a Controlador no definido = src
[05-Apr-2022 14:32:20 America/Mexico_City] -- Initialized error configuration
[05-Apr-2022 14:32:20 America/Mexico_City] Login:: created
[05-Apr-2022 14:32:20 America/Mexico_City] -- Initialized error configuration
[05-Apr-2022 14:32:20 America/Mexico_City] Acceso a Controlador no definido = src
[05-Apr-2022 14:35:05 America/Mexico_City] -- Initialized error configuration
[05-Apr-2022 14:35:05 America/Mexico_City] Login:: created
[05-Apr-2022 14:35:05 America/Mexico_City] -- Initialized error configuration
[05-Apr-2022 14:35:05 America/Mexico_City] Acceso a Controlador no definido = src
[05-Apr-2022 14:35:10 America/Mexico_City] -- Initialized error configuration
[05-Apr-2022 14:35:10 America/Mexico_City] Login:: created
[05-Apr-2022 14:35:10 America/Mexico_City] -- Initialized error configuration
[05-Apr-2022 14:35:10 America/Mexico_City] Acceso a Controlador no definido = src
[05-Apr-2022 14:35:23 America/Mexico_City] -- Initialized error configuration
[05-Apr-2022 14:35:23 America/Mexico_City] Login:: created
[05-Apr-2022 14:35:23 America/Mexico_City] -- Initialized error configuration
[05-Apr-2022 14:35:23 America/Mexico_City] Acceso a Controlador no definido = src
[05-Apr-2022 14:35:33 America/Mexico_City] -- Initialized error configuration
[05-Apr-2022 14:35:33 America/Mexico_City] Login:: created
[05-Apr-2022 14:35:33 America/Mexico_City] -- Initialized error configuration
[05-Apr-2022 14:35:33 America/Mexico_City] Acceso a Controlador no definido = src
[05-Apr-2022 14:39:35 America/Mexico_City] -- Initialized error configuration
[05-Apr-2022 14:39:35 America/Mexico_City] Login:: created
[05-Apr-2022 14:39:35 America/Mexico_City] -- Initialized error configuration
[05-Apr-2022 14:39:35 America/Mexico_City] Acceso a Controlador no definido = src
[05-Apr-2022 14:39:49 America/Mexico_City] -- Initialized error configuration
[05-Apr-2022 14:39:49 America/Mexico_City] Login:: created
[05-Apr-2022 14:39:49 America/Mexico_City] -- Initialized error configuration
[05-Apr-2022 14:39:49 America/Mexico_City] Acceso a Controlador no definido = src
[05-Apr-2022 14:40:19 America/Mexico_City] -- Initialized error configuration
[05-Apr-2022 14:40:19 America/Mexico_City] Login:: created
[05-Apr-2022 14:40:19 America/Mexico_City] -- Initialized error configuration
[05-Apr-2022 14:40:19 America/Mexico_City] Acceso a Controlador no definido = src
[05-Apr-2022 14:41:15 America/Mexico_City] -- Initialized error configuration
[05-Apr-2022 14:41:15 America/Mexico_City] Login:: created
[05-Apr-2022 14:41:15 America/Mexico_City] -- Initialized error configuration
[05-Apr-2022 14:41:15 America/Mexico_City] Acceso a Controlador no definido = src
[05-Apr-2022 14:41:15 America/Mexico_City] -- Initialized error configuration
[05-Apr-2022 14:41:15 America/Mexico_City] Login:: created
[05-Apr-2022 14:41:15 America/Mexico_City] -- Initialized error configuration
[05-Apr-2022 14:41:15 America/Mexico_City] Acceso a Controlador no definido = src
[05-Apr-2022 14:41:15 America/Mexico_City] -- Initialized error configuration
[05-Apr-2022 14:41:15 America/Mexico_City] Login:: created
[05-Apr-2022 14:41:15 America/Mexico_City] -- Initialized error configuration
[05-Apr-2022 14:41:15 America/Mexico_City] Acceso a Controlador no definido = src
[05-Apr-2022 14:41:15 America/Mexico_City] -- Initialized error configuration
[05-Apr-2022 14:41:15 America/Mexico_City] Login:: created
[05-Apr-2022 14:41:15 America/Mexico_City] -- Initialized error configuration
[05-Apr-2022 14:41:15 America/Mexico_City] Acceso a Controlador no definido = src
[05-Apr-2022 14:41:15 America/Mexico_City] -- Initialized error configuration
[05-Apr-2022 14:41:15 America/Mexico_City] Login:: created
[05-Apr-2022 14:41:15 America/Mexico_City] -- Initialized error configuration
[05-Apr-2022 14:41:15 America/Mexico_City] Acceso a Controlador no definido = src
[05-Apr-2022 14:41:16 America/Mexico_City] -- Initialized error configuration
[05-Apr-2022 14:41:16 America/Mexico_City] Login:: created
[05-Apr-2022 14:41:16 America/Mexico_City] -- Initialized error configuration
[05-Apr-2022 14:41:16 America/Mexico_City] Acceso a Controlador no definido = src
[05-Apr-2022 14:41:16 America/Mexico_City] -- Initialized error configuration
[05-Apr-2022 14:41:16 America/Mexico_City] Login:: created
[05-Apr-2022 14:41:16 America/Mexico_City] -- Initialized error configuration
[05-Apr-2022 14:41:16 America/Mexico_City] Acceso a Controlador no definido = src
[05-Apr-2022 14:41:32 America/Mexico_City] -- Initialized error configuration
[05-Apr-2022 14:41:32 America/Mexico_City] Login:: created
[05-Apr-2022 14:41:32 America/Mexico_City] -- Initialized error configuration
[05-Apr-2022 14:41:32 America/Mexico_City] Acceso a Controlador no definido = src
[05-Apr-2022 14:42:44 America/Mexico_City] -- Initialized error configuration
[05-Apr-2022 14:42:44 America/Mexico_City] Login:: created
[05-Apr-2022 14:42:44 America/Mexico_City] -- Initialized error configuration
[05-Apr-2022 14:42:44 America/Mexico_City] Acceso a Controlador no definido = src
[05-Apr-2022 14:42:44 America/Mexico_City] -- Initialized error configuration
[05-Apr-2022 14:42:44 America/Mexico_City] Login:: created
[05-Apr-2022 14:42:44 America/Mexico_City] -- Initialized error configuration
[05-Apr-2022 14:42:44 America/Mexico_City] Acceso a Controlador no definido = src
[05-Apr-2022 14:42:45 America/Mexico_City] -- Initialized error configuration
[05-Apr-2022 14:42:45 America/Mexico_City] Login:: created
[05-Apr-2022 14:42:45 America/Mexico_City] -- Initialized error configuration
[05-Apr-2022 14:42:45 America/Mexico_City] Acceso a Controlador no definido = src
[05-Apr-2022 14:42:45 America/Mexico_City] -- Initialized error configuration
[05-Apr-2022 14:42:45 America/Mexico_City] Login:: created
[05-Apr-2022 14:42:45 America/Mexico_City] -- Initialized error configuration
[05-Apr-2022 14:42:45 America/Mexico_City] Acceso a Controlador no definido = src
[05-Apr-2022 14:42:45 America/Mexico_City] -- Initialized error configuration
[05-Apr-2022 14:42:45 America/Mexico_City] Login:: created
[05-Apr-2022 14:42:45 America/Mexico_City] -- Initialized error configuration
[05-Apr-2022 14:42:45 America/Mexico_City] Acceso a Controlador no definido = src
[05-Apr-2022 14:43:16 America/Mexico_City] -- Initialized error configuration
[05-Apr-2022 14:43:16 America/Mexico_City] Login:: created
[05-Apr-2022 14:43:16 America/Mexico_City] -- Initialized error configuration
[05-Apr-2022 14:43:16 America/Mexico_City] Acceso a Controlador no definido = src
[05-Apr-2022 14:43:22 America/Mexico_City] -- Initialized error configuration
[05-Apr-2022 14:43:22 America/Mexico_City] Login:: created
[05-Apr-2022 14:43:22 America/Mexico_City] -- Initialized error configuration
[05-Apr-2022 14:43:22 America/Mexico_City] Acceso a Controlador no definido = src
[05-Apr-2022 14:43:38 America/Mexico_City] -- Initialized error configuration
[05-Apr-2022 14:43:38 America/Mexico_City] Login:: created
[05-Apr-2022 14:43:38 America/Mexico_City] -- Initialized error configuration
[05-Apr-2022 14:43:38 America/Mexico_City] Acceso a Controlador no definido = src
[05-Apr-2022 14:43:43 America/Mexico_City] -- Initialized error configuration
[05-Apr-2022 14:43:43 America/Mexico_City] Login:: created
[05-Apr-2022 14:43:43 America/Mexico_City] -- Initialized error configuration
[05-Apr-2022 14:43:43 America/Mexico_City] Acceso a Controlador no definido = src
[05-Apr-2022 14:44:03 America/Mexico_City] -- Initialized error configuration
[05-Apr-2022 14:44:03 America/Mexico_City] Login:: created
[05-Apr-2022 14:44:03 America/Mexico_City] -- Initialized error configuration
[05-Apr-2022 14:44:03 America/Mexico_City] Acceso a Controlador no definido = src
[05-Apr-2022 14:44:11 America/Mexico_City] -- Initialized error configuration
[05-Apr-2022 14:44:11 America/Mexico_City] Login:: created
[05-Apr-2022 14:44:11 America/Mexico_City] -- Initialized error configuration
[05-Apr-2022 14:44:11 America/Mexico_City] Acceso a Controlador no definido = src
[05-Apr-2022 14:44:16 America/Mexico_City] -- Initialized error configuration
[05-Apr-2022 14:44:16 America/Mexico_City] Login:: created
[05-Apr-2022 14:44:16 America/Mexico_City] -- Initialized error configuration
[05-Apr-2022 14:44:16 America/Mexico_City] Acceso a Controlador no definido = src
[05-Apr-2022 14:44:22 America/Mexico_City] -- Initialized error configuration
[05-Apr-2022 14:44:22 America/Mexico_City] Login:: created
[05-Apr-2022 14:44:22 America/Mexico_City] -- Initialized error configuration
[05-Apr-2022 14:44:22 America/Mexico_City] Acceso a Controlador no definido = src
[05-Apr-2022 14:44:29 America/Mexico_City] -- Initialized error configuration
[05-Apr-2022 14:44:29 America/Mexico_City] Login:: created
[05-Apr-2022 14:44:29 America/Mexico_City] -- Initialized error configuration
[05-Apr-2022 14:44:29 America/Mexico_City] Acceso a Controlador no definido = src
[05-Apr-2022 14:45:13 America/Mexico_City] -- Initialized error configuration
[05-Apr-2022 14:45:13 America/Mexico_City] Login:: created
[05-Apr-2022 14:45:13 America/Mexico_City] -- Initialized error configuration
[05-Apr-2022 14:45:13 America/Mexico_City] Acceso a Controlador no definido = src
[05-Apr-2022 14:46:32 America/Mexico_City] -- Initialized error configuration
[05-Apr-2022 14:46:32 America/Mexico_City] Login:: created
[05-Apr-2022 14:46:32 America/Mexico_City] -- Initialized error configuration
[05-Apr-2022 14:46:32 America/Mexico_City] Acceso a Controlador no definido = src
[05-Apr-2022 14:48:03 America/Mexico_City] -- Initialized error configuration
[05-Apr-2022 14:48:03 America/Mexico_City] Login:: created
[05-Apr-2022 14:48:03 America/Mexico_City] -- Initialized error configuration
[05-Apr-2022 14:48:03 America/Mexico_City] Acceso a Controlador no definido = src
[05-Apr-2022 14:51:20 America/Mexico_City] -- Initialized error configuration
[05-Apr-2022 14:51:20 America/Mexico_City] Login:: created
[05-Apr-2022 14:51:20 America/Mexico_City] -- Initialized error configuration
[05-Apr-2022 14:51:20 America/Mexico_City] Acceso a Controlador no definido = src
[05-Apr-2022 14:51:53 America/Mexico_City] -- Initialized error configuration
[05-Apr-2022 14:51:53 America/Mexico_City] Login:: created
[05-Apr-2022 14:51:53 America/Mexico_City] -- Initialized error configuration
[05-Apr-2022 14:51:53 America/Mexico_City] Acceso a Controlador no definido = src
[05-Apr-2022 14:52:22 America/Mexico_City] -- Initialized error configuration
[05-Apr-2022 14:52:22 America/Mexico_City] Login:: created
[05-Apr-2022 14:52:22 America/Mexico_City] -- Initialized error configuration
[05-Apr-2022 14:52:22 America/Mexico_City] Acceso a Controlador no definido = src
[05-Apr-2022 14:52:45 America/Mexico_City] -- Initialized error configuration
[05-Apr-2022 14:52:45 America/Mexico_City] Login:: created
[05-Apr-2022 14:52:45 America/Mexico_City] -- Initialized error configuration
[05-Apr-2022 14:52:45 America/Mexico_City] Acceso a Controlador no definido = src
[05-Apr-2022 14:56:47 America/Mexico_City] -- Initialized error configuration
[05-Apr-2022 14:56:47 America/Mexico_City] Login:: created
[05-Apr-2022 14:56:47 America/Mexico_City] -- Initialized error configuration
[05-Apr-2022 14:56:47 America/Mexico_City] Acceso a Controlador no definido = src
[05-Apr-2022 14:57:19 America/Mexico_City] -- Initialized error configuration
[05-Apr-2022 14:57:19 America/Mexico_City] Login:: created
[05-Apr-2022 14:57:19 America/Mexico_City] -- Initialized error configuration
[05-Apr-2022 14:57:19 America/Mexico_City] Acceso a Controlador no definido = src
[05-Apr-2022 14:57:27 America/Mexico_City] -- Initialized error configuration
[05-Apr-2022 14:57:27 America/Mexico_City] Login:: created
[05-Apr-2022 14:57:27 America/Mexico_City] -- Initialized error configuration
[05-Apr-2022 14:57:27 America/Mexico_City] Acceso a Controlador no definido = src
[05-Apr-2022 14:57:44 America/Mexico_City] -- Initialized error configuration
[05-Apr-2022 14:57:44 America/Mexico_City] Login:: created
[05-Apr-2022 14:57:44 America/Mexico_City] -- Initialized error configuration
[05-Apr-2022 14:57:44 America/Mexico_City] Acceso a Controlador no definido = src
[05-Apr-2022 14:57:54 America/Mexico_City] -- Initialized error configuration
[05-Apr-2022 14:57:54 America/Mexico_City] Login:: created
[05-Apr-2022 14:57:54 America/Mexico_City] -- Initialized error configuration
[05-Apr-2022 14:57:54 America/Mexico_City] Acceso a Controlador no definido = src
[05-Apr-2022 14:58:32 America/Mexico_City] -- Initialized error configuration
[05-Apr-2022 14:58:32 America/Mexico_City] Login:: created
[05-Apr-2022 14:58:32 America/Mexico_City] -- Initialized error configuration
[05-Apr-2022 14:58:32 America/Mexico_City] Acceso a Controlador no definido = src
[05-Apr-2022 14:58:43 America/Mexico_City] -- Initialized error configuration
[05-Apr-2022 14:58:43 America/Mexico_City] Login:: created
[05-Apr-2022 14:58:43 America/Mexico_City] -- Initialized error configuration
[05-Apr-2022 14:58:43 America/Mexico_City] Acceso a Controlador no definido = src
[05-Apr-2022 14:58:47 America/Mexico_City] -- Initialized error configuration
[05-Apr-2022 14:58:47 America/Mexico_City] Login:: created
[05-Apr-2022 14:58:47 America/Mexico_City] -- Initialized error configuration
[05-Apr-2022 14:58:47 America/Mexico_City] Acceso a Controlador no definido = src
[05-Apr-2022 14:58:53 America/Mexico_City] -- Initialized error configuration
[05-Apr-2022 14:58:53 America/Mexico_City] Login:: created
[05-Apr-2022 14:58:53 America/Mexico_City] -- Initialized error configuration
[05-Apr-2022 14:58:53 America/Mexico_City] Acceso a Controlador no definido = src
[05-Apr-2022 14:58:59 America/Mexico_City] -- Initialized error configuration
[05-Apr-2022 14:58:59 America/Mexico_City] Login:: created
[05-Apr-2022 14:58:59 America/Mexico_City] -- Initialized error configuration
[05-Apr-2022 14:58:59 America/Mexico_City] Acceso a Controlador no definido = src
[05-Apr-2022 14:59:05 America/Mexico_City] -- Initialized error configuration
[05-Apr-2022 14:59:05 America/Mexico_City] Login:: created
[05-Apr-2022 14:59:05 America/Mexico_City] -- Initialized error configuration
[05-Apr-2022 14:59:05 America/Mexico_City] Acceso a Controlador no definido = src
[05-Apr-2022 14:59:48 America/Mexico_City] -- Initialized error configuration
[05-Apr-2022 14:59:48 America/Mexico_City] Login:: created
[05-Apr-2022 14:59:48 America/Mexico_City] -- Initialized error configuration
[05-Apr-2022 14:59:48 America/Mexico_City] Acceso a Controlador no definido = src
[05-Apr-2022 14:59:54 America/Mexico_City] -- Initialized error configuration
[05-Apr-2022 14:59:54 America/Mexico_City] Login:: created
[05-Apr-2022 14:59:54 America/Mexico_City] -- Initialized error configuration
[05-Apr-2022 14:59:54 America/Mexico_City] Acceso a Controlador no definido = src
[05-Apr-2022 15:00:53 America/Mexico_City] -- Initialized error configuration
[05-Apr-2022 15:00:53 America/Mexico_City] Login:: created
[05-Apr-2022 15:00:53 America/Mexico_City] -- Initialized error configuration
[05-Apr-2022 15:00:53 America/Mexico_City] Acceso a Controlador no definido = src
[05-Apr-2022 15:01:01 America/Mexico_City] -- Initialized error configuration
[05-Apr-2022 15:01:01 America/Mexico_City] Login:: created
[05-Apr-2022 15:01:01 America/Mexico_City] -- Initialized error configuration
[05-Apr-2022 15:01:01 America/Mexico_City] Acceso a Controlador no definido = src
[05-Apr-2022 15:01:14 America/Mexico_City] -- Initialized error configuration
[05-Apr-2022 15:01:14 America/Mexico_City] Login:: created
[05-Apr-2022 15:01:14 America/Mexico_City] -- Initialized error configuration
[05-Apr-2022 15:01:14 America/Mexico_City] Acceso a Controlador no definido = src
[05-Apr-2022 15:01:38 America/Mexico_City] -- Initialized error configuration
[05-Apr-2022 15:01:38 America/Mexico_City] Login:: created
[05-Apr-2022 15:01:38 America/Mexico_City] -- Initialized error configuration
[05-Apr-2022 15:01:38 America/Mexico_City] Acceso a Controlador no definido = src
[05-Apr-2022 15:02:08 America/Mexico_City] -- Initialized error configuration
[05-Apr-2022 15:02:08 America/Mexico_City] Login:: created
[05-Apr-2022 15:02:08 America/Mexico_City] -- Initialized error configuration
[05-Apr-2022 15:02:08 America/Mexico_City] Acceso a Controlador no definido = src
[05-Apr-2022 15:02:16 America/Mexico_City] -- Initialized error configuration
[05-Apr-2022 15:02:16 America/Mexico_City] Login:: created
[05-Apr-2022 15:02:16 America/Mexico_City] -- Initialized error configuration
[05-Apr-2022 15:02:16 America/Mexico_City] Acceso a Controlador no definido = src
[05-Apr-2022 15:02:32 America/Mexico_City] -- Initialized error configuration
[05-Apr-2022 15:02:32 America/Mexico_City] Login:: created
[05-Apr-2022 15:02:32 America/Mexico_City] -- Initialized error configuration
[05-Apr-2022 15:02:32 America/Mexico_City] Acceso a Controlador no definido = src
[05-Apr-2022 15:02:38 America/Mexico_City] -- Initialized error configuration
[05-Apr-2022 15:02:38 America/Mexico_City] Login:: created
[05-Apr-2022 15:02:38 America/Mexico_City] -- Initialized error configuration
[05-Apr-2022 15:02:38 America/Mexico_City] Acceso a Controlador no definido = src
[05-Apr-2022 15:03:09 America/Mexico_City] -- Initialized error configuration
[05-Apr-2022 15:03:09 America/Mexico_City] Login:: created
[05-Apr-2022 15:03:09 America/Mexico_City] -- Initialized error configuration
[05-Apr-2022 15:03:09 America/Mexico_City] Acceso a Controlador no definido = src
[05-Apr-2022 15:03:35 America/Mexico_City] -- Initialized error configuration
[05-Apr-2022 15:03:35 America/Mexico_City] Login:: created
[05-Apr-2022 15:03:35 America/Mexico_City] -- Initialized error configuration
[05-Apr-2022 15:03:35 America/Mexico_City] Acceso a Controlador no definido = src
[05-Apr-2022 15:09:48 America/Mexico_City] -- Initialized error configuration
[05-Apr-2022 15:09:48 America/Mexico_City] Login:: created
[05-Apr-2022 15:09:48 America/Mexico_City] -- Initialized error configuration
[05-Apr-2022 15:09:48 America/Mexico_City] Acceso a Controlador no definido = src
[05-Apr-2022 15:09:48 America/Mexico_City] -- Initialized error configuration
[05-Apr-2022 15:09:48 America/Mexico_City] Acceso a Controlador no definido = src
[05-Apr-2022 15:10:30 America/Mexico_City] -- Initialized error configuration
[05-Apr-2022 15:10:30 America/Mexico_City] Login:: created
[05-Apr-2022 15:10:30 America/Mexico_City] -- Initialized error configuration
[05-Apr-2022 15:10:30 America/Mexico_City] Acceso a Controlador no definido = src
[05-Apr-2022 15:10:30 America/Mexico_City] -- Initialized error configuration
[05-Apr-2022 15:10:30 America/Mexico_City] Login:: created
[05-Apr-2022 15:10:30 America/Mexico_City] -- Initialized error configuration
[05-Apr-2022 15:10:30 America/Mexico_City] Acceso a Controlador no definido = src
[05-Apr-2022 15:10:30 America/Mexico_City] -- Initialized error configuration
[05-Apr-2022 15:10:30 America/Mexico_City] Login:: created
[05-Apr-2022 15:10:31 America/Mexico_City] -- Initialized error configuration
[05-Apr-2022 15:10:31 America/Mexico_City] Acceso a Controlador no definido = src
[05-Apr-2022 15:10:31 America/Mexico_City] -- Initialized error configuration
[05-Apr-2022 15:10:31 America/Mexico_City] Login:: created
[05-Apr-2022 15:10:31 America/Mexico_City] -- Initialized error configuration
[05-Apr-2022 15:10:31 America/Mexico_City] Acceso a Controlador no definido = src
[05-Apr-2022 15:10:31 America/Mexico_City] -- Initialized error configuration
[05-Apr-2022 15:10:31 America/Mexico_City] Login:: created
[05-Apr-2022 15:10:31 America/Mexico_City] -- Initialized error configuration
[05-Apr-2022 15:10:31 America/Mexico_City] Acceso a Controlador no definido = src
[05-Apr-2022 15:10:32 America/Mexico_City] -- Initialized error configuration
[05-Apr-2022 15:10:32 America/Mexico_City] Login:: created
[05-Apr-2022 15:10:32 America/Mexico_City] -- Initialized error configuration
[05-Apr-2022 15:10:32 America/Mexico_City] Acceso a Controlador no definido = src
[05-Apr-2022 15:15:23 America/Mexico_City] -- Initialized error configuration
[05-Apr-2022 15:15:23 America/Mexico_City] Login:: created
[05-Apr-2022 15:15:23 America/Mexico_City] -- Initialized error configuration
[05-Apr-2022 15:15:23 America/Mexico_City] Acceso a Controlador no definido = src
[05-Apr-2022 15:15:41 America/Mexico_City] -- Initialized error configuration
[05-Apr-2022 15:15:41 America/Mexico_City] Login:: created
[05-Apr-2022 15:15:41 America/Mexico_City] -- Initialized error configuration
[05-Apr-2022 15:15:41 America/Mexico_City] Acceso a Controlador no definido = src
[05-Apr-2022 15:15:41 America/Mexico_City] -- Initialized error configuration
[05-Apr-2022 15:15:41 America/Mexico_City] Login:: created
[05-Apr-2022 15:15:41 America/Mexico_City] -- Initialized error configuration
[05-Apr-2022 15:15:41 America/Mexico_City] Acceso a Controlador no definido = src
[05-Apr-2022 15:15:41 America/Mexico_City] -- Initialized error configuration
[05-Apr-2022 15:15:41 America/Mexico_City] Login:: created
[05-Apr-2022 15:15:41 America/Mexico_City] -- Initialized error configuration
[05-Apr-2022 15:15:41 America/Mexico_City] Acceso a Controlador no definido = src
[05-Apr-2022 15:15:41 America/Mexico_City] -- Initialized error configuration
[05-Apr-2022 15:15:41 America/Mexico_City] Login:: created
[05-Apr-2022 15:15:41 America/Mexico_City] -- Initialized error configuration
[05-Apr-2022 15:15:41 America/Mexico_City] Acceso a Controlador no definido = src
[05-Apr-2022 15:15:42 America/Mexico_City] -- Initialized error configuration
[05-Apr-2022 15:15:42 America/Mexico_City] Login:: created
[05-Apr-2022 15:15:42 America/Mexico_City] -- Initialized error configuration
[05-Apr-2022 15:15:42 America/Mexico_City] Acceso a Controlador no definido = src
[05-Apr-2022 15:18:01 America/Mexico_City] -- Initialized error configuration
[05-Apr-2022 15:18:01 America/Mexico_City] Login:: created
[05-Apr-2022 15:18:01 America/Mexico_City] -- Initialized error configuration
[05-Apr-2022 15:18:01 America/Mexico_City] Acceso a Controlador no definido = src
[05-Apr-2022 15:18:01 America/Mexico_City] -- Initialized error configuration
[05-Apr-2022 15:18:01 America/Mexico_City] Login:: created
[05-Apr-2022 15:18:01 America/Mexico_City] -- Initialized error configuration
[05-Apr-2022 15:18:01 America/Mexico_City] Acceso a Controlador no definido = src
[05-Apr-2022 15:18:01 America/Mexico_City] -- Initialized error configuration
[05-Apr-2022 15:18:01 America/Mexico_City] Login:: created
[05-Apr-2022 15:18:01 America/Mexico_City] -- Initialized error configuration
[05-Apr-2022 15:18:01 America/Mexico_City] Acceso a Controlador no definido = src
[05-Apr-2022 15:18:01 America/Mexico_City] -- Initialized error configuration
[05-Apr-2022 15:18:01 America/Mexico_City] Login:: created
[05-Apr-2022 15:18:01 America/Mexico_City] -- Initialized error configuration
[05-Apr-2022 15:18:01 America/Mexico_City] Acceso a Controlador no definido = src
[05-Apr-2022 15:18:02 America/Mexico_City] -- Initialized error configuration
[05-Apr-2022 15:18:02 America/Mexico_City] Login:: created
[05-Apr-2022 15:18:02 America/Mexico_City] -- Initialized error configuration
[05-Apr-2022 15:18:02 America/Mexico_City] Acceso a Controlador no definido = src
[05-Apr-2022 15:18:02 America/Mexico_City] -- Initialized error configuration
[05-Apr-2022 15:18:02 America/Mexico_City] Login:: created
[05-Apr-2022 15:18:02 America/Mexico_City] -- Initialized error configuration
[05-Apr-2022 15:18:02 America/Mexico_City] Acceso a Controlador no definido = src
[05-Apr-2022 15:18:02 America/Mexico_City] -- Initialized error configuration
[05-Apr-2022 15:18:02 America/Mexico_City] Login:: created
[05-Apr-2022 15:18:02 America/Mexico_City] -- Initialized error configuration
[05-Apr-2022 15:18:02 America/Mexico_City] Acceso a Controlador no definido = src
[05-Apr-2022 15:18:02 America/Mexico_City] -- Initialized error configuration
[05-Apr-2022 15:18:02 America/Mexico_City] Login:: created
[05-Apr-2022 15:18:02 America/Mexico_City] -- Initialized error configuration
[05-Apr-2022 15:18:02 America/Mexico_City] Acceso a Controlador no definido = src
[05-Apr-2022 15:18:02 America/Mexico_City] -- Initialized error configuration
[05-Apr-2022 15:18:02 America/Mexico_City] Login:: created
[05-Apr-2022 15:18:02 America/Mexico_City] -- Initialized error configuration
[05-Apr-2022 15:18:02 America/Mexico_City] Acceso a Controlador no definido = src
[05-Apr-2022 15:18:02 America/Mexico_City] -- Initialized error configuration
[05-Apr-2022 15:18:02 America/Mexico_City] Login:: created
[05-Apr-2022 15:18:03 America/Mexico_City] -- Initialized error configuration
[05-Apr-2022 15:18:03 America/Mexico_City] Acceso a Controlador no definido = src
[05-Apr-2022 15:18:11 America/Mexico_City] -- Initialized error configuration
[05-Apr-2022 15:18:11 America/Mexico_City] Login:: created
[05-Apr-2022 15:18:11 America/Mexico_City] -- Initialized error configuration
[05-Apr-2022 15:18:11 America/Mexico_City] Acceso a Controlador no definido = src
[05-Apr-2022 15:19:28 America/Mexico_City] -- Initialized error configuration
[05-Apr-2022 15:19:28 America/Mexico_City] Login:: created
[05-Apr-2022 15:19:28 America/Mexico_City] -- Initialized error configuration
[05-Apr-2022 15:19:28 America/Mexico_City] Acceso a Controlador no definido = src
[05-Apr-2022 15:19:33 America/Mexico_City] -- Initialized error configuration
[05-Apr-2022 15:19:33 America/Mexico_City] Login:: created
[05-Apr-2022 15:19:33 America/Mexico_City] -- Initialized error configuration
[05-Apr-2022 15:19:33 America/Mexico_City] Acceso a Controlador no definido = src
[05-Apr-2022 15:19:39 America/Mexico_City] -- Initialized error configuration
[05-Apr-2022 15:19:39 America/Mexico_City] Login:: created
[05-Apr-2022 15:19:39 America/Mexico_City] -- Initialized error configuration
[05-Apr-2022 15:19:39 America/Mexico_City] Acceso a Controlador no definido = src
[05-Apr-2022 15:21:18 America/Mexico_City] -- Initialized error configuration
[05-Apr-2022 15:21:18 America/Mexico_City] Login:: created
[05-Apr-2022 15:21:18 America/Mexico_City] -- Initialized error configuration
[05-Apr-2022 15:21:18 America/Mexico_City] Acceso a Controlador no definido = src
[05-Apr-2022 15:21:29 America/Mexico_City] -- Initialized error configuration
[05-Apr-2022 15:21:29 America/Mexico_City] Login:: created
[05-Apr-2022 15:21:29 America/Mexico_City] -- Initialized error configuration
[05-Apr-2022 15:21:29 America/Mexico_City] Acceso a Controlador no definido = src
[05-Apr-2022 15:21:34 America/Mexico_City] -- Initialized error configuration
[05-Apr-2022 15:21:34 America/Mexico_City] Login:: created
[05-Apr-2022 15:21:34 America/Mexico_City] -- Initialized error configuration
[05-Apr-2022 15:21:34 America/Mexico_City] Acceso a Controlador no definido = src
[05-Apr-2022 15:21:35 America/Mexico_City] -- Initialized error configuration
[05-Apr-2022 15:21:35 America/Mexico_City] Login:: created
[05-Apr-2022 15:21:35 America/Mexico_City] -- Initialized error configuration
[05-Apr-2022 15:21:35 America/Mexico_City] Acceso a Controlador no definido = src
[05-Apr-2022 15:21:35 America/Mexico_City] -- Initialized error configuration
[05-Apr-2022 15:21:35 America/Mexico_City] Login:: created
[05-Apr-2022 15:21:35 America/Mexico_City] -- Initialized error configuration
[05-Apr-2022 15:21:35 America/Mexico_City] Acceso a Controlador no definido = src
[05-Apr-2022 15:21:35 America/Mexico_City] -- Initialized error configuration
[05-Apr-2022 15:21:35 America/Mexico_City] Login:: created
[05-Apr-2022 15:21:35 America/Mexico_City] -- Initialized error configuration
[05-Apr-2022 15:21:35 America/Mexico_City] Acceso a Controlador no definido = src
[05-Apr-2022 15:22:00 America/Mexico_City] -- Initialized error configuration
[05-Apr-2022 15:22:00 America/Mexico_City] Login:: created
[05-Apr-2022 15:22:00 America/Mexico_City] -- Initialized error configuration
[05-Apr-2022 15:22:00 America/Mexico_City] Acceso a Controlador no definido = src
[05-Apr-2022 15:22:09 America/Mexico_City] -- Initialized error configuration
[05-Apr-2022 15:22:09 America/Mexico_City] Login:: created
[05-Apr-2022 15:22:09 America/Mexico_City] -- Initialized error configuration
[05-Apr-2022 15:22:09 America/Mexico_City] Acceso a Controlador no definido = src
[05-Apr-2022 15:25:11 America/Mexico_City] -- Initialized error configuration
[05-Apr-2022 15:25:11 America/Mexico_City] Login:: created
[05-Apr-2022 15:25:11 America/Mexico_City] -- Initialized error configuration
[05-Apr-2022 15:25:11 America/Mexico_City] Acceso a Controlador no definido = src
[05-Apr-2022 15:25:38 America/Mexico_City] -- Initialized error configuration
[05-Apr-2022 15:25:38 America/Mexico_City] Login:: created
[05-Apr-2022 15:25:38 America/Mexico_City] -- Initialized error configuration
[05-Apr-2022 15:25:38 America/Mexico_City] Acceso a Controlador no definido = src
[05-Apr-2022 15:25:48 America/Mexico_City] -- Initialized error configuration
[05-Apr-2022 15:25:48 America/Mexico_City] Login:: created
[05-Apr-2022 15:25:48 America/Mexico_City] -- Initialized error configuration
[05-Apr-2022 15:25:48 America/Mexico_City] Acceso a Controlador no definido = src
[05-Apr-2022 15:26:00 America/Mexico_City] -- Initialized error configuration
[05-Apr-2022 15:26:00 America/Mexico_City] Login:: created
[05-Apr-2022 15:26:01 America/Mexico_City] -- Initialized error configuration
[05-Apr-2022 15:26:01 America/Mexico_City] Acceso a Controlador no definido = src
[05-Apr-2022 15:26:07 America/Mexico_City] -- Initialized error configuration
[05-Apr-2022 15:26:07 America/Mexico_City] Login:: created
[05-Apr-2022 15:26:07 America/Mexico_City] -- Initialized error configuration
[05-Apr-2022 15:26:07 America/Mexico_City] Acceso a Controlador no definido = src
[05-Apr-2022 15:26:15 America/Mexico_City] -- Initialized error configuration
[05-Apr-2022 15:26:15 America/Mexico_City] Login:: created
[05-Apr-2022 15:26:15 America/Mexico_City] -- Initialized error configuration
[05-Apr-2022 15:26:15 America/Mexico_City] Acceso a Controlador no definido = src
[05-Apr-2022 15:26:21 America/Mexico_City] -- Initialized error configuration
[05-Apr-2022 15:26:21 America/Mexico_City] Login:: created
[05-Apr-2022 15:26:21 America/Mexico_City] -- Initialized error configuration
[05-Apr-2022 15:26:21 America/Mexico_City] Acceso a Controlador no definido = src
[05-Apr-2022 15:26:51 America/Mexico_City] -- Initialized error configuration
[05-Apr-2022 15:26:51 America/Mexico_City] Login:: created
[05-Apr-2022 15:26:51 America/Mexico_City] -- Initialized error configuration
[05-Apr-2022 15:26:51 America/Mexico_City] Acceso a Controlador no definido = src
[05-Apr-2022 15:26:58 America/Mexico_City] -- Initialized error configuration
[05-Apr-2022 15:26:58 America/Mexico_City] Login:: created
[05-Apr-2022 15:26:58 America/Mexico_City] -- Initialized error configuration
[05-Apr-2022 15:26:58 America/Mexico_City] Acceso a Controlador no definido = src
[05-Apr-2022 15:27:06 America/Mexico_City] -- Initialized error configuration
[05-Apr-2022 15:27:06 America/Mexico_City] Login:: created
[05-Apr-2022 15:27:06 America/Mexico_City] -- Initialized error configuration
[05-Apr-2022 15:27:06 America/Mexico_City] Acceso a Controlador no definido = src
[05-Apr-2022 15:28:06 America/Mexico_City] -- Initialized error configuration
[05-Apr-2022 15:28:06 America/Mexico_City] Login:: created
[05-Apr-2022 15:28:06 America/Mexico_City] -- Initialized error configuration
[05-Apr-2022 15:28:06 America/Mexico_City] Acceso a Controlador no definido = src
[05-Apr-2022 15:28:24 America/Mexico_City] -- Initialized error configuration
[05-Apr-2022 15:28:24 America/Mexico_City] Login:: created
[05-Apr-2022 15:28:24 America/Mexico_City] -- Initialized error configuration
[05-Apr-2022 15:28:24 America/Mexico_City] Acceso a Controlador no definido = src
[05-Apr-2022 15:28:44 America/Mexico_City] -- Initialized error configuration
[05-Apr-2022 15:28:44 America/Mexico_City] Login:: created
[05-Apr-2022 15:28:44 America/Mexico_City] -- Initialized error configuration
[05-Apr-2022 15:28:44 America/Mexico_City] Acceso a Controlador no definido = src
[05-Apr-2022 15:28:50 America/Mexico_City] -- Initialized error configuration
[05-Apr-2022 15:28:50 America/Mexico_City] Login:: created
[05-Apr-2022 15:28:50 America/Mexico_City] -- Initialized error configuration
[05-Apr-2022 15:28:50 America/Mexico_City] Acceso a Controlador no definido = src
[05-Apr-2022 15:29:08 America/Mexico_City] -- Initialized error configuration
[05-Apr-2022 15:29:08 America/Mexico_City] Login:: created
[05-Apr-2022 15:29:08 America/Mexico_City] -- Initialized error configuration
[05-Apr-2022 15:29:08 America/Mexico_City] Acceso a Controlador no definido = src
[05-Apr-2022 15:29:21 America/Mexico_City] -- Initialized error configuration
[05-Apr-2022 15:29:21 America/Mexico_City] Login:: created
[05-Apr-2022 15:29:21 America/Mexico_City] -- Initialized error configuration
[05-Apr-2022 15:29:21 America/Mexico_City] Acceso a Controlador no definido = src
[05-Apr-2022 15:29:35 America/Mexico_City] -- Initialized error configuration
[05-Apr-2022 15:29:35 America/Mexico_City] Login:: created
[05-Apr-2022 15:29:35 America/Mexico_City] -- Initialized error configuration
[05-Apr-2022 15:29:35 America/Mexico_City] Acceso a Controlador no definido = src
[05-Apr-2022 15:32:00 America/Mexico_City] -- Initialized error configuration
[05-Apr-2022 15:32:00 America/Mexico_City] Login:: created
[05-Apr-2022 15:32:00 America/Mexico_City] -- Initialized error configuration
[05-Apr-2022 15:32:00 America/Mexico_City] Acceso a Controlador no definido = src
[05-Apr-2022 15:32:14 America/Mexico_City] -- Initialized error configuration
[05-Apr-2022 15:32:14 America/Mexico_City] Login:: created
[05-Apr-2022 15:32:14 America/Mexico_City] -- Initialized error configuration
[05-Apr-2022 15:32:14 America/Mexico_City] Acceso a Controlador no definido = src
[05-Apr-2022 15:32:56 America/Mexico_City] -- Initialized error configuration
[05-Apr-2022 15:32:56 America/Mexico_City] Login:: created
[05-Apr-2022 15:32:56 America/Mexico_City] -- Initialized error configuration
[05-Apr-2022 15:32:56 America/Mexico_City] Acceso a Controlador no definido = src
[05-Apr-2022 15:33:41 America/Mexico_City] -- Initialized error configuration
[05-Apr-2022 15:33:41 America/Mexico_City] Login:: created
[05-Apr-2022 15:33:41 America/Mexico_City] -- Initialized error configuration
[05-Apr-2022 15:33:41 America/Mexico_City] Acceso a Controlador no definido = src
[05-Apr-2022 15:34:56 America/Mexico_City] -- Initialized error configuration
[05-Apr-2022 15:34:56 America/Mexico_City] Login:: created
[05-Apr-2022 15:34:56 America/Mexico_City] -- Initialized error configuration
[05-Apr-2022 15:34:56 America/Mexico_City] Acceso a Controlador no definido = src
[05-Apr-2022 15:35:01 America/Mexico_City] -- Initialized error configuration
[05-Apr-2022 15:35:01 America/Mexico_City] Login:: created
[05-Apr-2022 15:35:01 America/Mexico_City] -- Initialized error configuration
[05-Apr-2022 15:35:01 America/Mexico_City] Acceso a Controlador no definido = src
[05-Apr-2022 15:35:10 America/Mexico_City] -- Initialized error configuration
[05-Apr-2022 15:35:10 America/Mexico_City] Login:: created
[05-Apr-2022 15:35:10 America/Mexico_City] -- Initialized error configuration
[05-Apr-2022 15:35:10 America/Mexico_City] Acceso a Controlador no definido = src
[05-Apr-2022 15:35:15 America/Mexico_City] -- Initialized error configuration
[05-Apr-2022 15:35:15 America/Mexico_City] Main:: created
[05-Apr-2022 15:35:15 America/Mexico_City] -- Initialized error configuration
[05-Apr-2022 15:35:15 America/Mexico_City] Acceso a Controlador no definido = src
[05-Apr-2022 15:38:11 America/Mexico_City] -- Initialized error configuration
[05-Apr-2022 15:38:11 America/Mexico_City] Login:: created
[05-Apr-2022 15:38:11 America/Mexico_City] -- Initialized error configuration
[05-Apr-2022 15:38:11 America/Mexico_City] Acceso a Controlador no definido = src
[05-Apr-2022 15:38:37 America/Mexico_City] -- Initialized error configuration
[05-Apr-2022 15:38:37 America/Mexico_City] Login:: created
[05-Apr-2022 15:38:37 America/Mexico_City] -- Initialized error configuration
[05-Apr-2022 15:38:37 America/Mexico_City] Acceso a Controlador no definido = src
[05-Apr-2022 15:38:47 America/Mexico_City] -- Initialized error configuration
[05-Apr-2022 15:38:47 America/Mexico_City] Login:: created
[05-Apr-2022 15:38:47 America/Mexico_City] -- Initialized error configuration
[05-Apr-2022 15:38:47 America/Mexico_City] Acceso a Controlador no definido = src
[05-Apr-2022 15:39:01 America/Mexico_City] -- Initialized error configuration
[05-Apr-2022 15:39:01 America/Mexico_City] Login:: created
[05-Apr-2022 15:39:01 America/Mexico_City] -- Initialized error configuration
[05-Apr-2022 15:39:01 America/Mexico_City] Acceso a Controlador no definido = src
[05-Apr-2022 15:39:11 America/Mexico_City] -- Initialized error configuration
[05-Apr-2022 15:39:11 America/Mexico_City] Login:: created
[05-Apr-2022 15:39:11 America/Mexico_City] -- Initialized error configuration
[05-Apr-2022 15:39:11 America/Mexico_City] Acceso a Controlador no definido = src
[05-Apr-2022 15:39:32 America/Mexico_City] -- Initialized error configuration
[05-Apr-2022 15:39:32 America/Mexico_City] Login:: created
[05-Apr-2022 15:39:32 America/Mexico_City] -- Initialized error configuration
[05-Apr-2022 15:39:32 America/Mexico_City] Acceso a Controlador no definido = src
[05-Apr-2022 15:40:00 America/Mexico_City] -- Initialized error configuration
[05-Apr-2022 15:40:00 America/Mexico_City] Login:: created
[05-Apr-2022 15:40:00 America/Mexico_City] -- Initialized error configuration
[05-Apr-2022 15:40:00 America/Mexico_City] Acceso a Controlador no definido = src
[05-Apr-2022 15:40:28 America/Mexico_City] -- Initialized error configuration
[05-Apr-2022 15:40:28 America/Mexico_City] Login:: created
[05-Apr-2022 15:40:28 America/Mexico_City] -- Initialized error configuration
[05-Apr-2022 15:40:28 America/Mexico_City] Acceso a Controlador no definido = src
[05-Apr-2022 15:41:23 America/Mexico_City] -- Initialized error configuration
[05-Apr-2022 15:41:23 America/Mexico_City] Login:: created
[05-Apr-2022 15:41:23 America/Mexico_City] -- Initialized error configuration
[05-Apr-2022 15:41:23 America/Mexico_City] Acceso a Controlador no definido = src
[05-Apr-2022 15:41:25 America/Mexico_City] -- Initialized error configuration
[05-Apr-2022 15:41:25 America/Mexico_City] Main:: created
[05-Apr-2022 15:41:25 America/Mexico_City] -- Initialized error configuration
[05-Apr-2022 15:41:25 America/Mexico_City] Acceso a Controlador no definido = src
[05-Apr-2022 15:41:31 America/Mexico_City] -- Initialized error configuration
[05-Apr-2022 15:41:31 America/Mexico_City] Login:: created
[05-Apr-2022 15:41:31 America/Mexico_City] -- Initialized error configuration
[05-Apr-2022 15:41:31 America/Mexico_City] Acceso a Controlador no definido = src
[05-Apr-2022 15:41:34 America/Mexico_City] -- Initialized error configuration
[05-Apr-2022 15:41:34 America/Mexico_City] Main:: created
[05-Apr-2022 15:41:34 America/Mexico_City] -- Initialized error configuration
[05-Apr-2022 15:41:34 America/Mexico_City] Acceso a Controlador no definido = src
[05-Apr-2022 16:31:01 America/Mexico_City] -- Initialized error configuration
[05-Apr-2022 16:31:01 America/Mexico_City] Login:: created
[05-Apr-2022 16:31:01 America/Mexico_City] -- Initialized error configuration
[05-Apr-2022 16:31:01 America/Mexico_City] Acceso a Controlador no definido = src
[05-Apr-2022 16:31:03 America/Mexico_City] -- Initialized error configuration
[05-Apr-2022 16:31:03 America/Mexico_City] Main:: created
[05-Apr-2022 16:31:03 America/Mexico_City] -- Initialized error configuration
[05-Apr-2022 16:31:03 America/Mexico_City] Acceso a Controlador no definido = src
[05-Apr-2022 16:32:34 America/Mexico_City] -- Initialized error configuration
[05-Apr-2022 16:32:34 America/Mexico_City] Main:: created
[05-Apr-2022 16:32:34 America/Mexico_City] -- Initialized error configuration
[05-Apr-2022 16:32:34 America/Mexico_City] Acceso a Controlador no definido = src
[05-Apr-2022 16:32:42 America/Mexico_City] -- Initialized error configuration
[05-Apr-2022 16:32:42 America/Mexico_City] Main:: created
[05-Apr-2022 16:32:42 America/Mexico_City] -- Initialized error configuration
[05-Apr-2022 16:32:42 America/Mexico_City] Acceso a Controlador no definido = src
[05-Apr-2022 16:32:45 America/Mexico_City] -- Initialized error configuration
[05-Apr-2022 16:32:45 America/Mexico_City] Login:: created
[05-Apr-2022 16:32:45 America/Mexico_City] -- Initialized error configuration
[05-Apr-2022 16:32:45 America/Mexico_City] Acceso a Controlador no definido = src
[05-Apr-2022 16:32:47 America/Mexico_City] -- Initialized error configuration
[05-Apr-2022 16:32:47 America/Mexico_City] Main:: created
[05-Apr-2022 16:32:47 America/Mexico_City] -- Initialized error configuration
[05-Apr-2022 16:32:47 America/Mexico_City] Acceso a Controlador no definido = src
[05-Apr-2022 16:32:49 America/Mexico_City] -- Initialized error configuration
[05-Apr-2022 16:32:49 America/Mexico_City] Main:: created
[05-Apr-2022 16:32:49 America/Mexico_City] -- Initialized error configuration
[05-Apr-2022 16:32:49 America/Mexico_City] Acceso a Controlador no definido = src
[05-Apr-2022 16:32:52 America/Mexico_City] -- Initialized error configuration
[05-Apr-2022 16:32:52 America/Mexico_City] PHP Fatal error:  Uncaught Error: Class "register" not found in E:\XAMPP\htdocs\PROJECTS\foro_web\src\conf\route.php:36
Stack trace:
#0 E:\XAMPP\htdocs\PROJECTS\foro_web\src\libs\app.php(24): redirectToController(Array)
#1 E:\XAMPP\htdocs\PROJECTS\foro_web\src\libs\app.php(18): App->loadMain(Array)
#2 E:\XAMPP\htdocs\PROJECTS\foro_web\index.php(10): App->__construct()
#3 {main}
  thrown in E:\XAMPP\htdocs\PROJECTS\foro_web\src\conf\route.php on line 36
[05-Apr-2022 16:33:25 America/Mexico_City] -- Initialized error configuration
[05-Apr-2022 16:33:25 America/Mexico_City] Registration:: created
[05-Apr-2022 16:33:25 America/Mexico_City] PHP Fatal error:  Uncaught Error: Class "registerModel" not found in E:\XAMPP\htdocs\PROJECTS\foro_web\src\main\controllers\controller.php:23
Stack trace:
#0 E:\XAMPP\htdocs\PROJECTS\foro_web\src\conf\route.php(37): Controller->loadModel('register')
#1 E:\XAMPP\htdocs\PROJECTS\foro_web\src\libs\app.php(24): redirectToController(Array)
#2 E:\XAMPP\htdocs\PROJECTS\foro_web\src\libs\app.php(18): App->loadMain(Array)
#3 E:\XAMPP\htdocs\PROJECTS\foro_web\index.php(10): App->__construct()
#4 {main}
  thrown in E:\XAMPP\htdocs\PROJECTS\foro_web\src\main\controllers\controller.php on line 23
[05-Apr-2022 16:33:52 America/Mexico_City] -- Initialized error configuration
[05-Apr-2022 16:33:52 America/Mexico_City] Registration:: created
[05-Apr-2022 16:33:52 America/Mexico_City] -- Initialized error configuration
[05-Apr-2022 16:33:52 America/Mexico_City] Acceso a Controlador no definido = src
[05-Apr-2022 16:34:11 America/Mexico_City] -- Initialized error configuration
[05-Apr-2022 16:34:11 America/Mexico_City] Registration:: created
[05-Apr-2022 16:34:11 America/Mexico_City] -- Initialized error configuration
[05-Apr-2022 16:34:11 America/Mexico_City] Acceso a Controlador no definido = src
[05-Apr-2022 16:34:12 America/Mexico_City] -- Initialized error configuration
[05-Apr-2022 16:34:12 America/Mexico_City] Main:: created
[05-Apr-2022 16:34:12 America/Mexico_City] -- Initialized error configuration
[05-Apr-2022 16:34:12 America/Mexico_City] Acceso a Controlador no definido = src
[05-Apr-2022 16:34:18 America/Mexico_City] -- Initialized error configuration
[05-Apr-2022 16:34:18 America/Mexico_City] Main:: created
[05-Apr-2022 16:34:18 America/Mexico_City] -- Initialized error configuration
[05-Apr-2022 16:34:18 America/Mexico_City] Acceso a Controlador no definido = src
[05-Apr-2022 16:34:19 America/Mexico_City] -- Initialized error configuration
[05-Apr-2022 16:34:19 America/Mexico_City] Main:: created
[05-Apr-2022 16:34:19 America/Mexico_City] -- Initialized error configuration
[05-Apr-2022 16:34:19 America/Mexico_City] Acceso a Controlador no definido = src
[05-Apr-2022 16:34:21 America/Mexico_City] -- Initialized error configuration
[05-Apr-2022 16:34:21 America/Mexico_City] Login:: created
[05-Apr-2022 16:34:21 America/Mexico_City] -- Initialized error configuration
[05-Apr-2022 16:34:21 America/Mexico_City] Acceso a Controlador no definido = src
[05-Apr-2022 16:34:22 America/Mexico_City] -- Initialized error configuration
[05-Apr-2022 16:34:22 America/Mexico_City] Login:: created
[05-Apr-2022 16:34:22 America/Mexico_City] -- Initialized error configuration
[05-Apr-2022 16:34:22 America/Mexico_City] Acceso a Controlador no definido = src
[05-Apr-2022 16:34:28 America/Mexico_City] -- Initialized error configuration
[05-Apr-2022 16:34:28 America/Mexico_City] Login:: created
[05-Apr-2022 16:34:28 America/Mexico_City] -- Initialized error configuration
[05-Apr-2022 16:34:28 America/Mexico_City] Acceso a Controlador no definido = src
[05-Apr-2022 16:34:33 America/Mexico_City] -- Initialized error configuration
[05-Apr-2022 16:34:33 America/Mexico_City] Login:: created
[05-Apr-2022 16:34:33 America/Mexico_City] -- Initialized error configuration
[05-Apr-2022 16:34:33 America/Mexico_City] Acceso a Controlador no definido = src
[05-Apr-2022 16:34:34 America/Mexico_City] -- Initialized error configuration
[05-Apr-2022 16:34:34 America/Mexico_City] Login:: created
[05-Apr-2022 16:34:34 America/Mexico_City] -- Initialized error configuration
[05-Apr-2022 16:34:34 America/Mexico_City] Acceso a Controlador no definido = src
[05-Apr-2022 16:34:39 America/Mexico_City] -- Initialized error configuration
[05-Apr-2022 16:34:39 America/Mexico_City] Login:: created
[05-Apr-2022 16:34:39 America/Mexico_City] -- Initialized error configuration
[05-Apr-2022 16:34:39 America/Mexico_City] Acceso a Controlador no definido = src
[05-Apr-2022 16:34:40 America/Mexico_City] -- Initialized error configuration
[05-Apr-2022 16:34:40 America/Mexico_City] Main:: created
[05-Apr-2022 16:34:40 America/Mexico_City] -- Initialized error configuration
[05-Apr-2022 16:34:40 America/Mexico_City] Acceso a Controlador no definido = src
[05-Apr-2022 16:34:45 America/Mexico_City] -- Initialized error configuration
[05-Apr-2022 16:34:45 America/Mexico_City] Login:: created
[05-Apr-2022 16:34:45 America/Mexico_City] -- Initialized error configuration
[05-Apr-2022 16:34:45 America/Mexico_City] Acceso a Controlador no definido = src
[05-Apr-2022 16:34:47 America/Mexico_City] -- Initialized error configuration
[05-Apr-2022 16:34:47 America/Mexico_City] Main:: created
[05-Apr-2022 16:34:47 America/Mexico_City] -- Initialized error configuration
[05-Apr-2022 16:34:47 America/Mexico_City] Acceso a Controlador no definido = src
[05-Apr-2022 16:34:48 America/Mexico_City] -- Initialized error configuration
[05-Apr-2022 16:34:48 America/Mexico_City] Login:: created
[05-Apr-2022 16:34:48 America/Mexico_City] -- Initialized error configuration
[05-Apr-2022 16:34:48 America/Mexico_City] Acceso a Controlador no definido = src
[05-Apr-2022 16:34:49 America/Mexico_City] -- Initialized error configuration
[05-Apr-2022 16:34:49 America/Mexico_City] Login:: created
[05-Apr-2022 16:34:49 America/Mexico_City] -- Initialized error configuration
[05-Apr-2022 16:34:49 America/Mexico_City] Acceso a Controlador no definido = src
[05-Apr-2022 16:35:03 America/Mexico_City] -- Initialized error configuration
[05-Apr-2022 16:35:03 America/Mexico_City] Login:: created
[05-Apr-2022 16:35:03 America/Mexico_City] -- Initialized error configuration
[05-Apr-2022 16:35:04 America/Mexico_City] Acceso a Controlador no definido = src
[05-Apr-2022 16:35:04 America/Mexico_City] -- Initialized error configuration
[05-Apr-2022 16:35:04 America/Mexico_City] Main:: created
[05-Apr-2022 16:35:04 America/Mexico_City] -- Initialized error configuration
[05-Apr-2022 16:35:04 America/Mexico_City] Acceso a Controlador no definido = src
[05-Apr-2022 16:35:30 America/Mexico_City] -- Initialized error configuration
[05-Apr-2022 16:35:30 America/Mexico_City] Main:: created
[05-Apr-2022 16:35:30 America/Mexico_City] -- Initialized error configuration
[05-Apr-2022 16:35:30 America/Mexico_City] Acceso a Controlador no definido = src
[05-Apr-2022 16:35:31 America/Mexico_City] -- Initialized error configuration
[05-Apr-2022 16:35:31 America/Mexico_City] Login:: created
[05-Apr-2022 16:35:31 America/Mexico_City] -- Initialized error configuration
[05-Apr-2022 16:35:31 America/Mexico_City] Acceso a Controlador no definido = src
[05-Apr-2022 16:35:39 America/Mexico_City] -- Initialized error configuration
[05-Apr-2022 16:35:39 America/Mexico_City] Main:: created
[05-Apr-2022 16:35:39 America/Mexico_City] -- Initialized error configuration
[05-Apr-2022 16:35:39 America/Mexico_City] Acceso a Controlador no definido = src
[05-Apr-2022 16:35:45 America/Mexico_City] -- Initialized error configuration
[05-Apr-2022 16:35:45 America/Mexico_City] Registration:: created
[05-Apr-2022 16:35:46 America/Mexico_City] -- Initialized error configuration
[05-Apr-2022 16:35:46 America/Mexico_City] Acceso a Controlador no definido = src
[05-Apr-2022 16:37:45 America/Mexico_City] -- Initialized error configuration
[05-Apr-2022 16:37:45 America/Mexico_City] Registration:: created
[05-Apr-2022 16:37:45 America/Mexico_City] -- Initialized error configuration
[05-Apr-2022 16:37:45 America/Mexico_City] Acceso a Controlador no definido = src
[05-Apr-2022 16:37:49 America/Mexico_City] -- Initialized error configuration
[05-Apr-2022 16:37:49 America/Mexico_City] Main:: created
[05-Apr-2022 16:37:49 America/Mexico_City] -- Initialized error configuration
[05-Apr-2022 16:37:49 America/Mexico_City] Acceso a Controlador no definido = src
[05-Apr-2022 16:38:08 America/Mexico_City] -- Initialized error configuration
[05-Apr-2022 16:38:08 America/Mexico_City] Main:: created
[05-Apr-2022 16:38:08 America/Mexico_City] -- Initialized error configuration
[05-Apr-2022 16:38:08 America/Mexico_City] Acceso a Controlador no definido = src
[05-Apr-2022 16:38:09 America/Mexico_City] -- Initialized error configuration
[05-Apr-2022 16:38:09 America/Mexico_City] Registration:: created
[05-Apr-2022 16:38:09 America/Mexico_City] -- Initialized error configuration
[05-Apr-2022 16:38:09 America/Mexico_City] Acceso a Controlador no definido = src
